  [1m[35m (234.8ms)[0m  [1m[35mCREATE DATABASE "fashion_api_development" ENCODING = 'unicode'[0m
  [1m[35m (123.5ms)[0m  [1m[35mCREATE DATABASE "fashion_api_test" ENCODING = 'unicode'[0m
  [1m[35m (104.8ms)[0m  [1m[35mCREATE TABLE "schema_migrations" ("version" character varying NOT NULL PRIMARY KEY)[0m
  [1m[35m (8.4ms)[0m  [1m[35mCREATE TABLE "ar_internal_metadata" ("key" character varying NOT NULL PRIMARY KEY, "value" character varying, "created_at" timestamp(6) NOT NULL, "updated_at" timestamp(6) NOT NULL)[0m
  [1m[35m (1.1ms)[0m  [1m[34mSELECT pg_try_advisory_lock(4471621494175972395)[0m
  [1m[35m (1.8ms)[0m  [1m[34mSELECT "schema_migrations"."version" FROM "schema_migrations" ORDER BY "schema_migrations"."version" ASC[0m
Migrating to CreateFashions (20191212163819)
  [1m[35m (0.2ms)[0m  [1m[35mBEGIN[0m
  [1m[35m (50.7ms)[0m  [1m[35mCREATE TABLE "fashions" ("id" bigserial primary key, "image" character varying, "info" character varying, "category" character varying, "created_at" timestamp(6) NOT NULL, "updated_at" timestamp(6) NOT NULL)[0m
  [1m[36mprimary::SchemaMigration Create (3.2ms)[0m  [1m[32mINSERT INTO "schema_migrations" ("version") VALUES ($1) RETURNING "version"[0m  [["version", "20191212163819"]]
  [1m[35m (3.0ms)[0m  [1m[35mCOMMIT[0m
  [1m[36mActiveRecord::InternalMetadata Load (25.5ms)[0m  [1m[34mSELECT "ar_internal_metadata".* FROM "ar_internal_metadata" WHERE "ar_internal_metadata"."key" = $1 LIMIT $2[0m  [["key", "environment"], ["LIMIT", 1]]
  [1m[35m (0.4ms)[0m  [1m[35mBEGIN[0m
  [1m[36mActiveRecord::InternalMetadata Create (5.0ms)[0m  [1m[32mINSERT INTO "ar_internal_metadata" ("key", "value", "created_at", "updated_at") VALUES ($1, $2, $3, $4) RETURNING "key"[0m  [["key", "environment"], ["value", "development"], ["created_at", "2019-12-12 17:06:34.232896"], ["updated_at", "2019-12-12 17:06:34.232896"]]
  [1m[35m (1.9ms)[0m  [1m[35mCOMMIT[0m
  [1m[35m (0.7ms)[0m  [1m[34mSELECT pg_advisory_unlock(4471621494175972395)[0m
  [1m[35m (1.1ms)[0m  [1m[34mSELECT "schema_migrations"."version" FROM "schema_migrations" ORDER BY "schema_migrations"."version" ASC[0m
Started GET "/" for ::1 at 2019-12-12 12:08:51 -0500
  [1m[35m (0.8ms)[0m  [1m[34mSELECT "schema_migrations"."version" FROM "schema_migrations" ORDER BY "schema_migrations"."version" ASC[0m
Processing by Rails::WelcomeController#index as HTML
  Rendering /Users/stevencontreras/.rbenv/versions/2.6.3/lib/ruby/gems/2.6.0/gems/railties-6.0.1/lib/rails/templates/rails/welcome/index.html.erb
  Rendered /Users/stevencontreras/.rbenv/versions/2.6.3/lib/ruby/gems/2.6.0/gems/railties-6.0.1/lib/rails/templates/rails/welcome/index.html.erb (Duration: 19.1ms | Allocations: 480)
Completed 200 OK in 47ms (Views: 36.0ms | ActiveRecord: 0.0ms | Allocations: 2609)


Started GET "/fashions" for ::1 at 2019-12-12 12:08:57 -0500
Processing by FashionsController#index as HTML
  [1m[36mFashion Load (4.0ms)[0m  [1m[34mSELECT "fashions".* FROM "fashions"[0m
  ↳ app/controllers/fashions_controller.rb:8:in `index'
Completed 200 OK in 19ms (Views: 5.1ms | ActiveRecord: 7.3ms | Allocations: 1737)


Started GET "/fashions" for ::1 at 2019-12-13 08:53:24 -0500
Processing by FashionsController#index as HTML
  [1m[36mFashion Load (3.8ms)[0m  [1m[34mSELECT "fashions".* FROM "fashions"[0m
  ↳ app/controllers/fashions_controller.rb:8:in `index'
Completed 200 OK in 11ms (Views: 6.3ms | ActiveRecord: 3.8ms | Allocations: 856)


  [1m[35m (2.2ms)[0m  [1m[34mSELECT "schema_migrations"."version" FROM "schema_migrations" ORDER BY "schema_migrations"."version" ASC[0m
  [1m[35m (0.9ms)[0m  [1m[34mSELECT "schema_migrations"."version" FROM "schema_migrations" ORDER BY "schema_migrations"."version" ASC[0m
  [1m[35m (0.7ms)[0m  [1m[34mSELECT "schema_migrations"."version" FROM "schema_migrations" ORDER BY "schema_migrations"."version" ASC[0m
  [1m[35m (1.1ms)[0m  [1m[34mSELECT "schema_migrations"."version" FROM "schema_migrations" ORDER BY "schema_migrations"."version" ASC[0m
  [1m[35m (0.8ms)[0m  [1m[34mSELECT "schema_migrations"."version" FROM "schema_migrations" ORDER BY "schema_migrations"."version" ASC[0m
  [1m[35m (0.8ms)[0m  [1m[34mSELECT "schema_migrations"."version" FROM "schema_migrations" ORDER BY "schema_migrations"."version" ASC[0m
  [1m[35m (1.1ms)[0m  [1m[34mSELECT "schema_migrations"."version" FROM "schema_migrations" ORDER BY "schema_migrations"."version" ASC[0m
  [1m[35m (0.2ms)[0m  [1m[35mBEGIN[0m
  [1m[36mFashion Create (12.3ms)[0m  [1m[32mINSERT INTO "fashions" ("image", "info", "category", "created_at", "updated_at") VALUES ($1, $2, $3, $4, $5) RETURNING "id"[0m  [["image", "https://www.thesartorialist.com/wp-content/uploads/2019/10/92919JJA8775web-compressor-1000x1500.jpg"], ["info", "I regret that I should leave this world without again beholding him."], ["category", "Street"], ["created_at", "2019-12-13 16:18:18.397309"], ["updated_at", "2019-12-13 16:18:18.397309"]]
  [1m[35m (1.5ms)[0m  [1m[35mCOMMIT[0m
  [1m[35m (0.2ms)[0m  [1m[35mBEGIN[0m
  [1m[36mFashion Create (0.4ms)[0m  [1m[32mINSERT INTO "fashions" ("image", "info", "category", "created_at", "updated_at") VALUES ($1, $2, $3, $4, $5) RETURNING "id"[0m  [["image", "https://www.thesartorialist.com/wp-content/uploads/2019/09/072419habana6B0809-1000x1500.png"], ["info", "Well, this is certainly a pleasant surprise."], ["category", "Street"], ["created_at", "2019-12-13 16:18:18.416087"], ["updated_at", "2019-12-13 16:18:18.416087"]]
  [1m[35m (0.6ms)[0m  [1m[35mCOMMIT[0m
  [1m[35m (0.2ms)[0m  [1m[35mBEGIN[0m
  [1m[36mFashion Create (0.4ms)[0m  [1m[32mINSERT INTO "fashions" ("image", "info", "category", "created_at", "updated_at") VALUES ($1, $2, $3, $4, $5) RETURNING "id"[0m  [["image", "https://www.thesartorialist.com/wp-content/uploads/2018/11/080918cph6179.jpg"], ["info", "Does nobody understand?"], ["category", "Music"], ["created_at", "2019-12-13 16:18:18.420845"], ["updated_at", "2019-12-13 16:18:18.420845"]]
  [1m[35m (0.5ms)[0m  [1m[35mCOMMIT[0m
  [1m[35m (0.2ms)[0m  [1m[35mBEGIN[0m
  [1m[36mFashion Create (0.4ms)[0m  [1m[32mINSERT INTO "fashions" ("image", "info", "category", "created_at", "updated_at") VALUES ($1, $2, $3, $4, $5) RETURNING "id"[0m  [["image", "https://www.thesartorialist.com/wp-content/uploads/2019/09/221719Camo6B1709-1000x1501.jpg"], ["info", "You can get anything you want at Alice's restaurant."], ["category", "Art"], ["created_at", "2019-12-13 16:18:18.425307"], ["updated_at", "2019-12-13 16:18:18.425307"]]
  [1m[35m (0.6ms)[0m  [1m[35mCOMMIT[0m
  [1m[35m (0.2ms)[0m  [1m[35mBEGIN[0m
  [1m[36mFashion Create (0.5ms)[0m  [1m[32mINSERT INTO "fashions" ("image", "info", "category", "created_at", "updated_at") VALUES ($1, $2, $3, $4, $5) RETURNING "id"[0m  [["image", "https://anotherimg-dazedgroup.netdna-ssl.com/900/azure/another-prod/340/5/345745.jpg"], ["info", "It's stopped."], ["category", "Movies"], ["created_at", "2019-12-13 16:18:18.430519"], ["updated_at", "2019-12-13 16:18:18.430519"]]
  [1m[35m (0.5ms)[0m  [1m[35mCOMMIT[0m
  [1m[35m (0.2ms)[0m  [1m[35mBEGIN[0m
  [1m[36mFashion Create (0.5ms)[0m  [1m[32mINSERT INTO "fashions" ("image", "info", "category", "created_at", "updated_at") VALUES ($1, $2, $3, $4, $5) RETURNING "id"[0m  [["image", "https://dazedimg-dazedgroup.netdna-ssl.com/900/azure/dazed-prod/1170/1/1171814.jpg"], ["info", "I love you too, honey. Good luck with your show."], ["category", "Movies"], ["created_at", "2019-12-13 16:18:18.436507"], ["updated_at", "2019-12-13 16:18:18.436507"]]
  [1m[35m (0.6ms)[0m  [1m[35mCOMMIT[0m
  [1m[35m (0.2ms)[0m  [1m[35mBEGIN[0m
  [1m[36mFashion Create (0.4ms)[0m  [1m[32mINSERT INTO "fashions" ("image", "info", "category", "created_at", "updated_at") VALUES ($1, $2, $3, $4, $5) RETURNING "id"[0m  [["image", "https://www.thesartorialist.com/wp-content/uploads/2018/11/22818paris0426-1000x1500.jpg"], ["info", "I love you too, honey. Good luck with your show."], ["category", "Street"], ["created_at", "2019-12-13 16:18:18.444173"], ["updated_at", "2019-12-13 16:18:18.444173"]]
  [1m[35m (0.6ms)[0m  [1m[35mCOMMIT[0m
  [1m[35m (0.2ms)[0m  [1m[35mBEGIN[0m
  [1m[36mFashion Create (0.4ms)[0m  [1m[32mINSERT INTO "fashions" ("image", "info", "category", "created_at", "updated_at") VALUES ($1, $2, $3, $4, $5) RETURNING "id"[0m  [["image", "https://www.thesartorialist.com/wp-content/uploads/2018/11/22518h9604-1000x1500.jpg"], ["info", "I love you."], ["category", "Haute"], ["created_at", "2019-12-13 16:18:18.449422"], ["updated_at", "2019-12-13 16:18:18.449422"]]
  [1m[35m (0.6ms)[0m  [1m[35mCOMMIT[0m
  [1m[35m (0.2ms)[0m  [1m[35mBEGIN[0m
  [1m[36mFashion Create (0.3ms)[0m  [1m[32mINSERT INTO "fashions" ("image", "info", "category", "created_at", "updated_at") VALUES ($1, $2, $3, $4, $5) RETURNING "id"[0m  [["image", "https://www.thesartorialist.com/wp-content/uploads/2018/11/021818jj7619-1000x1500.jpg"], ["info", "Goodnight, my darlings, I'll see you tomorrow."], ["category", "Street"], ["created_at", "2019-12-13 16:18:18.454792"], ["updated_at", "2019-12-13 16:18:18.454792"]]
  [1m[35m (0.5ms)[0m  [1m[35mCOMMIT[0m
  [1m[35m (0.2ms)[0m  [1m[35mBEGIN[0m
  [1m[36mFashion Create (0.4ms)[0m  [1m[32mINSERT INTO "fashions" ("image", "info", "category", "created_at", "updated_at") VALUES ($1, $2, $3, $4, $5) RETURNING "id"[0m  [["image", "https://www.thesartorialist.com/wp-content/uploads/2018/11/11118DMC3169-1000x1500.jpg"], ["info", "It's stopped."], ["category", "Art"], ["created_at", "2019-12-13 16:18:18.459186"], ["updated_at", "2019-12-13 16:18:18.459186"]]
  [1m[35m (0.6ms)[0m  [1m[35mCOMMIT[0m
  [1m[35m (0.2ms)[0m  [1m[35mBEGIN[0m
  [1m[36mFashion Create (0.4ms)[0m  [1m[32mINSERT INTO "fashions" ("image", "info", "category", "created_at", "updated_at") VALUES ($1, $2, $3, $4, $5) RETURNING "id"[0m  [["image", "https://scstylecaster.files.wordpress.com/2014/11/normcore-rw.jpg?w=529&h=805"], ["info", "Happy."], ["category", "Normcore"], ["created_at", "2019-12-13 16:18:18.463667"], ["updated_at", "2019-12-13 16:18:18.463667"]]
  [1m[35m (0.5ms)[0m  [1m[35mCOMMIT[0m
  [1m[35m (0.2ms)[0m  [1m[35mBEGIN[0m
  [1m[36mFashion Create (0.4ms)[0m  [1m[32mINSERT INTO "fashions" ("image", "info", "category", "created_at", "updated_at") VALUES ($1, $2, $3, $4, $5) RETURNING "id"[0m  [["image", "https://www.thesartorialist.com/wp-content/uploads/2018/12/022118guc8397-1000x1500.jpg"], ["info", "I want to go home."], ["category", "Street"], ["created_at", "2019-12-13 16:18:18.468060"], ["updated_at", "2019-12-13 16:18:18.468060"]]
  [1m[35m (0.5ms)[0m  [1m[35mCOMMIT[0m
  [1m[35m (0.2ms)[0m  [1m[35mBEGIN[0m
  [1m[36mFashion Create (0.4ms)[0m  [1m[32mINSERT INTO "fashions" ("image", "info", "category", "created_at", "updated_at") VALUES ($1, $2, $3, $4, $5) RETURNING "id"[0m  [["image", "https://www.thesartorialist.com/wp-content/uploads/2018/11/80818BrooklynC6918-1000x1500.jpg"], ["info", "Am I dying, or is this my birthday?"], ["category", "Street"], ["created_at", "2019-12-13 16:18:18.472451"], ["updated_at", "2019-12-13 16:18:18.472451"]]
  [1m[35m (0.5ms)[0m  [1m[35mCOMMIT[0m
Started GET "/fashions" for ::1 at 2019-12-13 11:18:54 -0500
  [1m[35m (0.8ms)[0m  [1m[34mSELECT "schema_migrations"."version" FROM "schema_migrations" ORDER BY "schema_migrations"."version" ASC[0m
Processing by FashionsController#index as HTML
  [1m[36mFashion Load (4.3ms)[0m  [1m[34mSELECT "fashions".* FROM "fashions"[0m
  ↳ app/controllers/fashions_controller.rb:8:in `index'
Completed 200 OK in 26ms (Views: 12.9ms | ActiveRecord: 9.6ms | Allocations: 6972)


Started GET "/fashions" for ::1 at 2019-12-16 15:28:24 -0500
Processing by FashionsController#index as HTML
  [1m[36mFashion Load (9.1ms)[0m  [1m[34mSELECT "fashions".* FROM "fashions"[0m
  ↳ app/controllers/fashions_controller.rb:8:in `index'
Completed 200 OK in 105ms (Views: 66.9ms | ActiveRecord: 9.1ms | Allocations: 2606)


Started GET "/fashions" for ::1 at 2019-12-16 15:56:30 -0500
Processing by FashionsController#index as HTML
  [1m[36mFashion Load (3.0ms)[0m  [1m[34mSELECT "fashions".* FROM "fashions"[0m
  ↳ app/controllers/fashions_controller.rb:8:in `index'
Completed 200 OK in 48ms (Views: 41.6ms | ActiveRecord: 3.0ms | Allocations: 2605)


Started GET "/fashions" for ::1 at 2019-12-16 15:57:55 -0500
Processing by FashionsController#index as HTML
  [1m[36mFashion Load (5.5ms)[0m  [1m[34mSELECT "fashions".* FROM "fashions"[0m
  ↳ app/controllers/fashions_controller.rb:8:in `index'
Completed 200 OK in 37ms (Views: 30.0ms | ActiveRecord: 5.5ms | Allocations: 2531)


Started GET "/fashions" for ::1 at 2019-12-16 15:59:14 -0500
Processing by FashionsController#index as HTML
  [1m[36mFashion Load (1.1ms)[0m  [1m[34mSELECT "fashions".* FROM "fashions"[0m
  ↳ app/controllers/fashions_controller.rb:8:in `index'
Completed 200 OK in 27ms (Views: 25.1ms | ActiveRecord: 1.1ms | Allocations: 2550)


Started GET "/fashions" for ::1 at 2019-12-16 15:59:18 -0500
Processing by FashionsController#index as HTML
  [1m[36mFashion Load (2.0ms)[0m  [1m[34mSELECT "fashions".* FROM "fashions"[0m
  ↳ app/controllers/fashions_controller.rb:8:in `index'
Completed 200 OK in 848ms (Views: 845.6ms | ActiveRecord: 2.0ms | Allocations: 2538)


Started GET "/fashions2" for ::1 at 2019-12-16 16:00:50 -0500
  
ActionController::RoutingError (No route matches [GET] "/fashions2"):
  
actionpack (6.0.1) lib/action_dispatch/middleware/debug_exceptions.rb:36:in `call'
actionpack (6.0.1) lib/action_dispatch/middleware/show_exceptions.rb:33:in `call'
railties (6.0.1) lib/rails/rack/logger.rb:38:in `call_app'
railties (6.0.1) lib/rails/rack/logger.rb:26:in `block in call'
activesupport (6.0.1) lib/active_support/tagged_logging.rb:80:in `block in tagged'
activesupport (6.0.1) lib/active_support/tagged_logging.rb:28:in `tagged'
activesupport (6.0.1) lib/active_support/tagged_logging.rb:80:in `tagged'
railties (6.0.1) lib/rails/rack/logger.rb:26:in `call'
actionpack (6.0.1) lib/action_dispatch/middleware/remote_ip.rb:81:in `call'
actionpack (6.0.1) lib/action_dispatch/middleware/request_id.rb:27:in `call'
rack (2.0.7) lib/rack/runtime.rb:22:in `call'
activesupport (6.0.1) lib/active_support/cache/strategy/local_cache_middleware.rb:29:in `call'
actionpack (6.0.1) lib/action_dispatch/middleware/executor.rb:14:in `call'
actionpack (6.0.1) lib/action_dispatch/middleware/static.rb:126:in `call'
rack (2.0.7) lib/rack/sendfile.rb:111:in `call'
actionpack (6.0.1) lib/action_dispatch/middleware/host_authorization.rb:83:in `call'
railties (6.0.1) lib/rails/engine.rb:526:in `call'
puma (4.3.1) lib/puma/configuration.rb:228:in `call'
puma (4.3.1) lib/puma/server.rb:681:in `handle_request'
puma (4.3.1) lib/puma/server.rb:472:in `process_client'
puma (4.3.1) lib/puma/server.rb:328:in `block in run'
puma (4.3.1) lib/puma/thread_pool.rb:134:in `block in spawn_thread'
Started GET "/fashions" for ::1 at 2019-12-16 16:01:16 -0500
Processing by FashionsController#index as HTML
  [1m[36mFashion Load (0.4ms)[0m  [1m[34mSELECT "fashions".* FROM "fashions"[0m
  ↳ app/controllers/fashions_controller.rb:8:in `index'
Completed 200 OK in 7ms (Views: 5.7ms | ActiveRecord: 0.4ms | Allocations: 2565)


Started GET "/fashions/1" for ::1 at 2019-12-16 16:01:51 -0500
Processing by FashionsController#show as HTML
  Parameters: {"id"=>"1"}
  [1m[36mFashion Load (0.7ms)[0m  [1m[34mSELECT "fashions".* FROM "fashions" WHERE "fashions"."id" = $1 LIMIT $2[0m  [["id", 1], ["LIMIT", 1]]
  ↳ app/controllers/fashions_controller.rb:44:in `set_fashion'
Completed 200 OK in 26ms (Views: 0.4ms | ActiveRecord: 1.1ms | Allocations: 2664)


Started GET "/fashions/1/image" for ::1 at 2019-12-16 16:01:56 -0500
  
ActionController::RoutingError (No route matches [GET] "/fashions/1/image"):
  
actionpack (6.0.1) lib/action_dispatch/middleware/debug_exceptions.rb:36:in `call'
actionpack (6.0.1) lib/action_dispatch/middleware/show_exceptions.rb:33:in `call'
railties (6.0.1) lib/rails/rack/logger.rb:38:in `call_app'
railties (6.0.1) lib/rails/rack/logger.rb:26:in `block in call'
activesupport (6.0.1) lib/active_support/tagged_logging.rb:80:in `block in tagged'
activesupport (6.0.1) lib/active_support/tagged_logging.rb:28:in `tagged'
activesupport (6.0.1) lib/active_support/tagged_logging.rb:80:in `tagged'
railties (6.0.1) lib/rails/rack/logger.rb:26:in `call'
actionpack (6.0.1) lib/action_dispatch/middleware/remote_ip.rb:81:in `call'
actionpack (6.0.1) lib/action_dispatch/middleware/request_id.rb:27:in `call'
rack (2.0.7) lib/rack/runtime.rb:22:in `call'
activesupport (6.0.1) lib/active_support/cache/strategy/local_cache_middleware.rb:29:in `call'
actionpack (6.0.1) lib/action_dispatch/middleware/executor.rb:14:in `call'
actionpack (6.0.1) lib/action_dispatch/middleware/static.rb:126:in `call'
rack (2.0.7) lib/rack/sendfile.rb:111:in `call'
actionpack (6.0.1) lib/action_dispatch/middleware/host_authorization.rb:83:in `call'
railties (6.0.1) lib/rails/engine.rb:526:in `call'
puma (4.3.1) lib/puma/configuration.rb:228:in `call'
puma (4.3.1) lib/puma/server.rb:681:in `handle_request'
puma (4.3.1) lib/puma/server.rb:472:in `process_client'
puma (4.3.1) lib/puma/server.rb:328:in `block in run'
puma (4.3.1) lib/puma/thread_pool.rb:134:in `block in spawn_thread'
Started GET "/fashions/1" for ::1 at 2019-12-16 16:07:12 -0500
  [1m[35m (1.9ms)[0m  [1m[34mSELECT "schema_migrations"."version" FROM "schema_migrations" ORDER BY "schema_migrations"."version" ASC[0m
Processing by FashionsController#show as HTML
  Parameters: {"id"=>"1"}
  [1m[36mFashion Load (0.7ms)[0m  [1m[34mSELECT "fashions".* FROM "fashions" WHERE "fashions"."id" = $1 LIMIT $2[0m  [["id", 1], ["LIMIT", 1]]
  ↳ app/controllers/fashions_controller.rb:44:in `set_fashion'
Completed 200 OK in 119ms (Views: 0.7ms | ActiveRecord: 93.4ms | Allocations: 5581)


Started GET "/fashions" for ::1 at 2019-12-16 16:07:15 -0500
Processing by FashionsController#index as HTML
  [1m[36mFashion Load (1.4ms)[0m  [1m[34mSELECT "fashions".* FROM "fashions"[0m
  ↳ app/controllers/fashions_controller.rb:8:in `index'
Completed 200 OK in 8ms (Views: 6.5ms | ActiveRecord: 1.4ms | Allocations: 2554)


Started GET "/fashions" for ::1 at 2019-12-16 16:09:17 -0500
Processing by FashionsController#index as HTML
  [1m[36mFashion Load (3.9ms)[0m  [1m[34mSELECT "fashions".* FROM "fashions"[0m
  ↳ app/controllers/fashions_controller.rb:8:in `index'
Completed 200 OK in 8ms (Views: 3.6ms | ActiveRecord: 3.9ms | Allocations: 2551)


Started GET "/fashions" for ::1 at 2019-12-16 16:10:22 -0500
Processing by FashionsController#index as HTML
  [1m[36mFashion Load (40.9ms)[0m  [1m[34mSELECT "fashions".* FROM "fashions"[0m
  ↳ app/controllers/fashions_controller.rb:8:in `index'
Completed 200 OK in 48ms (Views: 6.1ms | ActiveRecord: 40.9ms | Allocations: 2551)


Started GET "/fashions" for ::1 at 2019-12-16 16:12:26 -0500
Processing by FashionsController#index as HTML
  [1m[36mFashion Load (0.5ms)[0m  [1m[34mSELECT "fashions".* FROM "fashions"[0m
  ↳ app/controllers/fashions_controller.rb:8:in `index'
Completed 200 OK in 8ms (Views: 6.9ms | ActiveRecord: 0.5ms | Allocations: 2532)


Started GET "/fashions" for ::1 at 2019-12-16 16:12:30 -0500
Processing by FashionsController#index as HTML
  [1m[36mFashion Load (1.8ms)[0m  [1m[34mSELECT "fashions".* FROM "fashions"[0m
  ↳ app/controllers/fashions_controller.rb:8:in `index'
Completed 200 OK in 8ms (Views: 5.5ms | ActiveRecord: 1.8ms | Allocations: 2532)


Started GET "/fashions" for ::1 at 2019-12-16 16:26:29 -0500
Processing by FashionsController#index as HTML
  [1m[36mFashion Load (1.0ms)[0m  [1m[34mSELECT "fashions".* FROM "fashions"[0m
  ↳ app/controllers/fashions_controller.rb:8:in `index'
Completed 200 OK in 17ms (Views: 12.7ms | ActiveRecord: 1.0ms | Allocations: 2593)


Started GET "/fashions1" for ::1 at 2019-12-16 16:29:45 -0500
  
ActionController::RoutingError (No route matches [GET] "/fashions1"):
  
actionpack (6.0.1) lib/action_dispatch/middleware/debug_exceptions.rb:36:in `call'
actionpack (6.0.1) lib/action_dispatch/middleware/show_exceptions.rb:33:in `call'
railties (6.0.1) lib/rails/rack/logger.rb:38:in `call_app'
railties (6.0.1) lib/rails/rack/logger.rb:26:in `block in call'
activesupport (6.0.1) lib/active_support/tagged_logging.rb:80:in `block in tagged'
activesupport (6.0.1) lib/active_support/tagged_logging.rb:28:in `tagged'
activesupport (6.0.1) lib/active_support/tagged_logging.rb:80:in `tagged'
railties (6.0.1) lib/rails/rack/logger.rb:26:in `call'
actionpack (6.0.1) lib/action_dispatch/middleware/remote_ip.rb:81:in `call'
actionpack (6.0.1) lib/action_dispatch/middleware/request_id.rb:27:in `call'
rack (2.0.7) lib/rack/runtime.rb:22:in `call'
activesupport (6.0.1) lib/active_support/cache/strategy/local_cache_middleware.rb:29:in `call'
actionpack (6.0.1) lib/action_dispatch/middleware/executor.rb:14:in `call'
actionpack (6.0.1) lib/action_dispatch/middleware/static.rb:126:in `call'
rack (2.0.7) lib/rack/sendfile.rb:111:in `call'
actionpack (6.0.1) lib/action_dispatch/middleware/host_authorization.rb:83:in `call'
rack-cors (1.1.0) lib/rack/cors.rb:100:in `call'
railties (6.0.1) lib/rails/engine.rb:526:in `call'
puma (4.3.1) lib/puma/configuration.rb:228:in `call'
puma (4.3.1) lib/puma/server.rb:681:in `handle_request'
puma (4.3.1) lib/puma/server.rb:472:in `process_client'
puma (4.3.1) lib/puma/server.rb:328:in `block in run'
puma (4.3.1) lib/puma/thread_pool.rb:134:in `block in spawn_thread'
Started GET "/fashions" for ::1 at 2019-12-16 16:31:24 -0500
Processing by FashionsController#index as HTML
  [1m[36mFashion Load (1.2ms)[0m  [1m[34mSELECT "fashions".* FROM "fashions"[0m
  ↳ app/controllers/fashions_controller.rb:8:in `index'
Completed 200 OK in 11ms (Views: 8.5ms | ActiveRecord: 1.2ms | Allocations: 2566)


Started GET "/fashions" for ::1 at 2019-12-16 16:31:59 -0500
Processing by FashionsController#index as HTML
  [1m[36mFashion Load (0.4ms)[0m  [1m[34mSELECT "fashions".* FROM "fashions"[0m
  ↳ app/controllers/fashions_controller.rb:8:in `index'
Completed 200 OK in 7ms (Views: 6.1ms | ActiveRecord: 0.4ms | Allocations: 2532)


Started GET "/fashions" for ::1 at 2019-12-16 16:32:12 -0500
Processing by FashionsController#index as HTML
  [1m[36mFashion Load (0.7ms)[0m  [1m[34mSELECT "fashions".* FROM "fashions"[0m
  ↳ app/controllers/fashions_controller.rb:8:in `index'
Completed 200 OK in 7ms (Views: 6.0ms | ActiveRecord: 0.7ms | Allocations: 2532)


Started GET "/fashions" for ::1 at 2019-12-16 16:34:44 -0500
Processing by FashionsController#index as HTML
  [1m[36mFashion Load (77.9ms)[0m  [1m[34mSELECT "fashions".* FROM "fashions"[0m
  ↳ app/controllers/fashions_controller.rb:8:in `index'
Completed 200 OK in 139ms (Views: 56.5ms | ActiveRecord: 77.9ms | Allocations: 2532)


Started GET "/fashions" for ::1 at 2019-12-16 16:42:54 -0500
Processing by FashionsController#index as HTML
  [1m[36mFashion Load (4.3ms)[0m  [1m[34mSELECT "fashions".* FROM "fashions"[0m
  ↳ app/controllers/fashions_controller.rb:8:in `index'
Completed 200 OK in 16ms (Views: 10.9ms | ActiveRecord: 4.3ms | Allocations: 2593)


Started GET "/fashions" for ::1 at 2019-12-16 16:43:33 -0500
Processing by FashionsController#index as HTML
  [1m[36mFashion Load (303.0ms)[0m  [1m[34mSELECT "fashions".* FROM "fashions"[0m
  ↳ app/controllers/fashions_controller.rb:8:in `index'
Completed 200 OK in 310ms (Views: 6.3ms | ActiveRecord: 303.0ms | Allocations: 2551)


Started GET "/fashions" for ::1 at 2019-12-16 16:45:31 -0500
Processing by FashionsController#index as HTML
  [1m[36mFashion Load (10.6ms)[0m  [1m[34mSELECT "fashions".* FROM "fashions"[0m
  ↳ app/controllers/fashions_controller.rb:8:in `index'
Completed 200 OK in 18ms (Views: 7.3ms | ActiveRecord: 10.6ms | Allocations: 2532)


Started GET "/fashions" for ::1 at 2019-12-16 16:46:03 -0500
Processing by FashionsController#index as HTML
  [1m[36mFashion Load (0.8ms)[0m  [1m[34mSELECT "fashions".* FROM "fashions"[0m
  ↳ app/controllers/fashions_controller.rb:8:in `index'
Completed 200 OK in 8ms (Views: 6.6ms | ActiveRecord: 0.8ms | Allocations: 2532)


Started GET "/fashions" for ::1 at 2019-12-16 16:46:28 -0500
Processing by FashionsController#index as HTML
  [1m[36mFashion Load (1.5ms)[0m  [1m[34mSELECT "fashions".* FROM "fashions"[0m
  ↳ app/controllers/fashions_controller.rb:8:in `index'
Completed 200 OK in 7ms (Views: 5.1ms | ActiveRecord: 1.5ms | Allocations: 2532)


Started GET "/fashions" for ::1 at 2019-12-16 16:47:10 -0500
Processing by FashionsController#index as HTML
  [1m[36mFashion Load (63.3ms)[0m  [1m[34mSELECT "fashions".* FROM "fashions"[0m
  ↳ app/controllers/fashions_controller.rb:8:in `index'
Completed 200 OK in 71ms (Views: 7.8ms | ActiveRecord: 63.3ms | Allocations: 2532)


Started GET "/fashions" for ::1 at 2019-12-16 16:50:17 -0500
Processing by FashionsController#index as HTML
  [1m[36mFashion Load (0.6ms)[0m  [1m[34mSELECT "fashions".* FROM "fashions"[0m
  ↳ app/controllers/fashions_controller.rb:8:in `index'
Completed 200 OK in 9ms (Views: 7.8ms | ActiveRecord: 0.6ms | Allocations: 2532)


Started GET "/fashions" for ::1 at 2019-12-16 16:52:01 -0500
Processing by FashionsController#index as HTML
  [1m[36mFashion Load (0.5ms)[0m  [1m[34mSELECT "fashions".* FROM "fashions"[0m
  ↳ app/controllers/fashions_controller.rb:8:in `index'
Completed 200 OK in 10ms (Views: 8.9ms | ActiveRecord: 0.5ms | Allocations: 2532)


Started GET "/fashions" for ::1 at 2019-12-16 16:52:38 -0500
Processing by FashionsController#index as HTML
  [1m[36mFashion Load (91.8ms)[0m  [1m[34mSELECT "fashions".* FROM "fashions"[0m
  ↳ app/controllers/fashions_controller.rb:8:in `index'
Completed 200 OK in 99ms (Views: 6.5ms | ActiveRecord: 91.8ms | Allocations: 2532)


Started GET "/fashions" for ::1 at 2019-12-16 16:53:25 -0500
Processing by FashionsController#index as HTML
  [1m[36mFashion Load (0.5ms)[0m  [1m[34mSELECT "fashions".* FROM "fashions"[0m
  ↳ app/controllers/fashions_controller.rb:8:in `index'
Completed 200 OK in 7ms (Views: 6.3ms | ActiveRecord: 0.5ms | Allocations: 2532)


Started GET "/fashions" for ::1 at 2019-12-16 16:56:58 -0500
Processing by FashionsController#index as HTML
  [1m[36mFashion Load (1.4ms)[0m  [1m[34mSELECT "fashions".* FROM "fashions"[0m
  ↳ app/controllers/fashions_controller.rb:8:in `index'
Completed 200 OK in 29ms (Views: 22.1ms | ActiveRecord: 1.4ms | Allocations: 2532)


Started GET "/fashions" for ::1 at 2019-12-16 16:57:44 -0500
Processing by FashionsController#index as HTML
  [1m[36mFashion Load (1.1ms)[0m  [1m[34mSELECT "fashions".* FROM "fashions"[0m
  ↳ app/controllers/fashions_controller.rb:8:in `index'
Completed 200 OK in 8ms (Views: 6.5ms | ActiveRecord: 1.1ms | Allocations: 2532)


Started GET "/fashions" for ::1 at 2019-12-16 16:57:54 -0500
Processing by FashionsController#index as HTML
  [1m[36mFashion Load (0.8ms)[0m  [1m[34mSELECT "fashions".* FROM "fashions"[0m
  ↳ app/controllers/fashions_controller.rb:8:in `index'
Completed 200 OK in 8ms (Views: 6.8ms | ActiveRecord: 0.8ms | Allocations: 2532)


Started GET "/fashions" for ::1 at 2019-12-16 16:58:22 -0500
Processing by FashionsController#index as HTML
  [1m[36mFashion Load (1.2ms)[0m  [1m[34mSELECT "fashions".* FROM "fashions"[0m
  ↳ app/controllers/fashions_controller.rb:8:in `index'
Completed 200 OK in 8ms (Views: 6.8ms | ActiveRecord: 1.2ms | Allocations: 2532)


Started GET "/fashions" for ::1 at 2019-12-16 17:18:15 -0500
Processing by FashionsController#index as HTML
  [1m[36mFashion Load (1.0ms)[0m  [1m[34mSELECT "fashions".* FROM "fashions"[0m
  ↳ app/controllers/fashions_controller.rb:8:in `index'
Completed 200 OK in 23ms (Views: 18.5ms | ActiveRecord: 1.0ms | Allocations: 2593)


Started GET "/fashions" for ::1 at 2019-12-16 17:22:18 -0500
Processing by FashionsController#index as HTML
  [1m[36mFashion Load (2.5ms)[0m  [1m[34mSELECT "fashions".* FROM "fashions"[0m
  ↳ app/controllers/fashions_controller.rb:8:in `index'
Completed 200 OK in 10ms (Views: 6.8ms | ActiveRecord: 2.5ms | Allocations: 2533)


Started GET "/fashions" for ::1 at 2019-12-16 17:22:26 -0500
Processing by FashionsController#index as HTML
  [1m[36mFashion Load (3.1ms)[0m  [1m[34mSELECT "fashions".* FROM "fashions"[0m
  ↳ app/controllers/fashions_controller.rb:8:in `index'
Completed 200 OK in 9ms (Views: 5.8ms | ActiveRecord: 3.1ms | Allocations: 2532)


Started GET "/fashions" for ::1 at 2019-12-16 17:38:15 -0500
Processing by FashionsController#index as HTML
  [1m[36mFashion Load (1.1ms)[0m  [1m[34mSELECT "fashions".* FROM "fashions"[0m
  ↳ app/controllers/fashions_controller.rb:8:in `index'
Completed 200 OK in 19ms (Views: 15.1ms | ActiveRecord: 1.1ms | Allocations: 2593)


Started GET "/fashions" for ::1 at 2019-12-16 17:38:40 -0500
Processing by FashionsController#index as HTML
  [1m[36mFashion Load (0.7ms)[0m  [1m[34mSELECT "fashions".* FROM "fashions"[0m
  ↳ app/controllers/fashions_controller.rb:8:in `index'
Completed 200 OK in 11ms (Views: 9.8ms | ActiveRecord: 0.7ms | Allocations: 2532)


Started GET "/fashions" for ::1 at 2019-12-16 17:39:41 -0500
Processing by FashionsController#index as HTML
  [1m[36mFashion Load (7.8ms)[0m  [1m[34mSELECT "fashions".* FROM "fashions"[0m
  ↳ app/controllers/fashions_controller.rb:8:in `index'
Completed 200 OK in 18ms (Views: 8.5ms | ActiveRecord: 7.8ms | Allocations: 2532)


Started GET "/fashions" for ::1 at 2019-12-16 17:39:41 -0500
Processing by FashionsController#index as HTML
  [1m[36mFashion Load (0.5ms)[0m  [1m[34mSELECT "fashions".* FROM "fashions"[0m
  ↳ app/controllers/fashions_controller.rb:8:in `index'
Completed 200 OK in 10ms (Views: 9.0ms | ActiveRecord: 0.5ms | Allocations: 2532)


Started GET "/fashions" for ::1 at 2019-12-16 17:40:00 -0500
Processing by FashionsController#index as HTML
  [1m[36mFashion Load (0.9ms)[0m  [1m[34mSELECT "fashions".* FROM "fashions"[0m
  ↳ app/controllers/fashions_controller.rb:8:in `index'
Completed 200 OK in 8ms (Views: 6.8ms | ActiveRecord: 0.9ms | Allocations: 2532)


Started GET "/fashions" for ::1 at 2019-12-16 17:40:01 -0500
Processing by FashionsController#index as HTML
  [1m[36mFashion Load (0.8ms)[0m  [1m[34mSELECT "fashions".* FROM "fashions"[0m
  ↳ app/controllers/fashions_controller.rb:8:in `index'
Completed 200 OK in 11ms (Views: 9.8ms | ActiveRecord: 0.8ms | Allocations: 2532)


Started GET "/fashions" for ::1 at 2019-12-16 17:40:09 -0500
Processing by FashionsController#index as HTML
  [1m[36mFashion Load (5.2ms)[0m  [1m[34mSELECT "fashions".* FROM "fashions"[0m
  ↳ app/controllers/fashions_controller.rb:8:in `index'
Completed 200 OK in 13ms (Views: 7.0ms | ActiveRecord: 5.2ms | Allocations: 2532)


Started GET "/fashions" for ::1 at 2019-12-16 17:40:09 -0500
Processing by FashionsController#index as HTML
  [1m[36mFashion Load (11.7ms)[0m  [1m[34mSELECT "fashions".* FROM "fashions"[0m
  ↳ app/controllers/fashions_controller.rb:8:in `index'
Completed 200 OK in 24ms (Views: 12.2ms | ActiveRecord: 11.7ms | Allocations: 2532)


Started GET "/fashions" for ::1 at 2019-12-16 17:48:05 -0500
Processing by FashionsController#index as HTML
  [1m[36mFashion Load (1.4ms)[0m  [1m[34mSELECT "fashions".* FROM "fashions"[0m
  ↳ app/controllers/fashions_controller.rb:8:in `index'
Completed 200 OK in 37ms (Views: 25.8ms | ActiveRecord: 1.4ms | Allocations: 2593)


Started GET "/fashions" for ::1 at 2019-12-16 17:48:06 -0500
Processing by FashionsController#index as HTML
  [1m[36mFashion Load (2.9ms)[0m  [1m[34mSELECT "fashions".* FROM "fashions"[0m
  ↳ app/controllers/fashions_controller.rb:8:in `index'
Completed 200 OK in 10ms (Views: 6.6ms | ActiveRecord: 2.9ms | Allocations: 2532)


Started GET "/fashions" for ::1 at 2019-12-16 17:48:15 -0500
Processing by FashionsController#index as HTML
  [1m[36mFashion Load (0.7ms)[0m  [1m[34mSELECT "fashions".* FROM "fashions"[0m
  ↳ app/controllers/fashions_controller.rb:8:in `index'
Completed 200 OK in 10ms (Views: 7.9ms | ActiveRecord: 0.7ms | Allocations: 2532)


Started GET "/fashions" for ::1 at 2019-12-16 17:48:27 -0500
Processing by FashionsController#index as HTML
  [1m[36mFashion Load (24.6ms)[0m  [1m[34mSELECT "fashions".* FROM "fashions"[0m
  ↳ app/controllers/fashions_controller.rb:8:in `index'
Completed 200 OK in 35ms (Views: 9.6ms | ActiveRecord: 24.6ms | Allocations: 2532)


Started GET "/fashions" for ::1 at 2019-12-16 17:48:28 -0500
Processing by FashionsController#index as HTML
  [1m[36mFashion Load (76.3ms)[0m  [1m[34mSELECT "fashions".* FROM "fashions"[0m
  ↳ app/controllers/fashions_controller.rb:8:in `index'
Completed 200 OK in 85ms (Views: 8.6ms | ActiveRecord: 76.3ms | Allocations: 2532)


Started GET "/fashions" for ::1 at 2019-12-16 17:48:49 -0500
Processing by FashionsController#index as HTML
  [1m[36mFashion Load (0.8ms)[0m  [1m[34mSELECT "fashions".* FROM "fashions"[0m
  ↳ app/controllers/fashions_controller.rb:8:in `index'
Completed 200 OK in 10ms (Views: 9.4ms | ActiveRecord: 0.8ms | Allocations: 2532)


Started GET "/fashions" for ::1 at 2019-12-16 17:49:12 -0500
Processing by FashionsController#index as HTML
  [1m[36mFashion Load (27.8ms)[0m  [1m[34mSELECT "fashions".* FROM "fashions"[0m
  ↳ app/controllers/fashions_controller.rb:8:in `index'
Completed 200 OK in 36ms (Views: 8.0ms | ActiveRecord: 27.8ms | Allocations: 2532)


Started GET "/fashions" for ::1 at 2019-12-16 17:49:12 -0500
Processing by FashionsController#index as HTML
  [1m[36mFashion Load (5.6ms)[0m  [1m[34mSELECT "fashions".* FROM "fashions"[0m
  ↳ app/controllers/fashions_controller.rb:8:in `index'
Completed 200 OK in 22ms (Views: 16.0ms | ActiveRecord: 5.6ms | Allocations: 2532)


Started GET "/fashions" for ::1 at 2019-12-16 17:50:10 -0500
Processing by FashionsController#index as HTML
  [1m[36mFashion Load (31.9ms)[0m  [1m[34mSELECT "fashions".* FROM "fashions"[0m
  ↳ app/controllers/fashions_controller.rb:8:in `index'
Completed 200 OK in 40ms (Views: 7.5ms | ActiveRecord: 31.9ms | Allocations: 2532)


Started GET "/fashions" for ::1 at 2019-12-16 17:50:11 -0500
Processing by FashionsController#index as HTML
  [1m[36mFashion Load (28.3ms)[0m  [1m[34mSELECT "fashions".* FROM "fashions"[0m
  ↳ app/controllers/fashions_controller.rb:8:in `index'
Completed 200 OK in 116ms (Views: 86.7ms | ActiveRecord: 28.3ms | Allocations: 2535)


Started GET "/fashions" for ::1 at 2019-12-16 17:50:18 -0500
Processing by FashionsController#index as HTML
  [1m[36mFashion Load (7.3ms)[0m  [1m[34mSELECT "fashions".* FROM "fashions"[0m
  ↳ app/controllers/fashions_controller.rb:8:in `index'
Completed 200 OK in 13ms (Views: 5.6ms | ActiveRecord: 7.3ms | Allocations: 2532)


Started GET "/" for ::1 at 2019-12-16 17:56:52 -0500
Processing by Rails::WelcomeController#index as HTML
  Rendering /Users/stevencontreras/.rbenv/versions/2.6.3/lib/ruby/gems/2.6.0/gems/railties-6.0.1/lib/rails/templates/rails/welcome/index.html.erb
  Rendered /Users/stevencontreras/.rbenv/versions/2.6.3/lib/ruby/gems/2.6.0/gems/railties-6.0.1/lib/rails/templates/rails/welcome/index.html.erb (Duration: 48.2ms | Allocations: 201)
Completed 200 OK in 66ms (Views: 59.5ms | ActiveRecord: 0.0ms | Allocations: 838)


Started GET "/" for ::1 at 2019-12-16 17:57:00 -0500
Processing by Rails::WelcomeController#index as HTML
  Rendering /Users/stevencontreras/.rbenv/versions/2.6.3/lib/ruby/gems/2.6.0/gems/railties-6.0.1/lib/rails/templates/rails/welcome/index.html.erb
  Rendered /Users/stevencontreras/.rbenv/versions/2.6.3/lib/ruby/gems/2.6.0/gems/railties-6.0.1/lib/rails/templates/rails/welcome/index.html.erb (Duration: 22.1ms | Allocations: 190)
Completed 200 OK in 28ms (Views: 25.1ms | ActiveRecord: 0.0ms | Allocations: 700)


Started GET "/fashions" for ::1 at 2019-12-16 17:57:03 -0500
Processing by FashionsController#index as HTML
  [1m[36mFashion Load (37.8ms)[0m  [1m[34mSELECT "fashions".* FROM "fashions"[0m
  ↳ app/controllers/fashions_controller.rb:8:in `index'
Completed 200 OK in 64ms (Views: 24.8ms | ActiveRecord: 37.8ms | Allocations: 2593)


Started GET "/fashions" for ::1 at 2019-12-16 17:59:50 -0500
Processing by FashionsController#index as HTML
  [1m[36mFashion Load (269.0ms)[0m  [1m[34mSELECT "fashions".* FROM "fashions"[0m
  ↳ app/controllers/fashions_controller.rb:8:in `index'
Completed 200 OK in 284ms (Views: 14.3ms | ActiveRecord: 269.0ms | Allocations: 2533)


Started GET "/fashions" for ::1 at 2019-12-16 17:59:51 -0500
Processing by FashionsController#index as HTML
  [1m[36mFashion Load (26.7ms)[0m  [1m[34mSELECT "fashions".* FROM "fashions"[0m
  ↳ app/controllers/fashions_controller.rb:8:in `index'
Completed 200 OK in 41ms (Views: 13.4ms | ActiveRecord: 26.7ms | Allocations: 2532)


Started GET "/fashions" for ::1 at 2019-12-16 17:59:51 -0500
Processing by FashionsController#index as HTML
  [1m[36mFashion Load (331.8ms)[0m  [1m[34mSELECT "fashions".* FROM "fashions"[0m
  ↳ app/controllers/fashions_controller.rb:8:in `index'
Completed 200 OK in 355ms (Views: 22.4ms | ActiveRecord: 331.8ms | Allocations: 2532)


Started GET "/fashions" for ::1 at 2019-12-16 18:00:31 -0500
Processing by FashionsController#index as HTML
  [1m[36mFashion Load (3.3ms)[0m  [1m[34mSELECT "fashions".* FROM "fashions"[0m
  ↳ app/controllers/fashions_controller.rb:8:in `index'
Completed 200 OK in 11ms (Views: 7.1ms | ActiveRecord: 3.3ms | Allocations: 2532)


Started GET "/fashions" for ::1 at 2019-12-16 18:00:31 -0500
Processing by FashionsController#index as HTML
  [1m[36mFashion Load (26.9ms)[0m  [1m[34mSELECT "fashions".* FROM "fashions"[0m
  ↳ app/controllers/fashions_controller.rb:8:in `index'
Completed 200 OK in 34ms (Views: 7.2ms | ActiveRecord: 26.9ms | Allocations: 2532)


Started GET "/fashions" for ::1 at 2019-12-16 18:00:32 -0500
Processing by FashionsController#index as HTML
  [1m[36mFashion Load (2.5ms)[0m  [1m[34mSELECT "fashions".* FROM "fashions"[0m
  ↳ app/controllers/fashions_controller.rb:8:in `index'
Completed 200 OK in 10ms (Views: 7.0ms | ActiveRecord: 2.5ms | Allocations: 2532)


Started GET "/fashions" for ::1 at 2019-12-16 18:00:44 -0500
Processing by FashionsController#index as HTML
  [1m[36mFashion Load (0.5ms)[0m  [1m[34mSELECT "fashions".* FROM "fashions"[0m
  ↳ app/controllers/fashions_controller.rb:8:in `index'
Completed 200 OK in 6ms (Views: 4.8ms | ActiveRecord: 0.5ms | Allocations: 2532)


Started GET "/fashions" for ::1 at 2019-12-16 18:00:44 -0500
Processing by FashionsController#index as HTML
  [1m[36mFashion Load (0.6ms)[0m  [1m[34mSELECT "fashions".* FROM "fashions"[0m
  ↳ app/controllers/fashions_controller.rb:8:in `index'
Completed 200 OK in 6ms (Views: 5.1ms | ActiveRecord: 0.6ms | Allocations: 2532)


Started GET "/fashions" for ::1 at 2019-12-16 18:00:45 -0500
Processing by FashionsController#index as HTML
  [1m[36mFashion Load (1.0ms)[0m  [1m[34mSELECT "fashions".* FROM "fashions"[0m
  ↳ app/controllers/fashions_controller.rb:8:in `index'
Completed 200 OK in 9ms (Views: 7.8ms | ActiveRecord: 1.0ms | Allocations: 2532)


Started GET "/fashions" for ::1 at 2019-12-16 18:02:38 -0500
Processing by FashionsController#index as HTML
  [1m[36mFashion Load (0.4ms)[0m  [1m[34mSELECT "fashions".* FROM "fashions"[0m
  ↳ app/controllers/fashions_controller.rb:8:in `index'
Completed 200 OK in 7ms (Views: 5.9ms | ActiveRecord: 0.4ms | Allocations: 2532)


Started GET "/fashions" for ::1 at 2019-12-16 18:03:21 -0500
Processing by FashionsController#index as HTML
  [1m[36mFashion Load (0.3ms)[0m  [1m[34mSELECT "fashions".* FROM "fashions"[0m
  ↳ app/controllers/fashions_controller.rb:8:in `index'
Completed 200 OK in 8ms (Views: 7.6ms | ActiveRecord: 0.3ms | Allocations: 2532)


Started GET "/fashions" for ::1 at 2019-12-16 18:04:05 -0500
Processing by FashionsController#index as HTML
  [1m[36mFashion Load (175.5ms)[0m  [1m[34mSELECT "fashions".* FROM "fashions"[0m
  ↳ app/controllers/fashions_controller.rb:8:in `index'
Completed 200 OK in 182ms (Views: 6.5ms | ActiveRecord: 175.5ms | Allocations: 2532)


Started GET "/fashions" for ::1 at 2019-12-16 18:04:05 -0500
Processing by FashionsController#index as HTML
  [1m[36mFashion Load (2.1ms)[0m  [1m[34mSELECT "fashions".* FROM "fashions"[0m
  ↳ app/controllers/fashions_controller.rb:8:in `index'
Completed 200 OK in 11ms (Views: 8.8ms | ActiveRecord: 2.1ms | Allocations: 2532)


Started GET "/fashions" for ::1 at 2019-12-16 18:04:05 -0500
Processing by FashionsController#index as HTML
  [1m[36mFashion Load (0.5ms)[0m  [1m[34mSELECT "fashions".* FROM "fashions"[0m
  ↳ app/controllers/fashions_controller.rb:8:in `index'
Completed 200 OK in 7ms (Views: 6.1ms | ActiveRecord: 0.5ms | Allocations: 2532)


Started GET "/fashions" for ::1 at 2019-12-16 18:04:10 -0500
Processing by FashionsController#index as HTML
  [1m[36mFashion Load (1.1ms)[0m  [1m[34mSELECT "fashions".* FROM "fashions"[0m
  ↳ app/controllers/fashions_controller.rb:8:in `index'
Completed 200 OK in 10ms (Views: 8.4ms | ActiveRecord: 1.1ms | Allocations: 2532)


Started GET "/fashions" for ::1 at 2019-12-16 18:04:45 -0500
Processing by FashionsController#index as HTML
  [1m[36mFashion Load (0.9ms)[0m  [1m[34mSELECT "fashions".* FROM "fashions"[0m
  ↳ app/controllers/fashions_controller.rb:8:in `index'
Completed 200 OK in 61ms (Views: 60.1ms | ActiveRecord: 0.9ms | Allocations: 2535)


Started GET "/fashions" for ::1 at 2019-12-16 18:04:45 -0500
Processing by FashionsController#index as HTML
  [1m[36mFashion Load (73.3ms)[0m  [1m[34mSELECT "fashions".* FROM "fashions"[0m
  ↳ app/controllers/fashions_controller.rb:8:in `index'
Completed 200 OK in 91ms (Views: 17.0ms | ActiveRecord: 73.3ms | Allocations: 2532)


Started GET "/fashions" for ::1 at 2019-12-16 18:04:45 -0500
Processing by FashionsController#index as HTML
  [1m[36mFashion Load (0.7ms)[0m  [1m[34mSELECT "fashions".* FROM "fashions"[0m
  ↳ app/controllers/fashions_controller.rb:8:in `index'
Completed 200 OK in 6ms (Views: 5.4ms | ActiveRecord: 0.7ms | Allocations: 2532)


Started GET "/fashions" for ::1 at 2019-12-16 18:05:03 -0500
Processing by FashionsController#index as HTML
  [1m[36mFashion Load (2.4ms)[0m  [1m[34mSELECT "fashions".* FROM "fashions"[0m
  ↳ app/controllers/fashions_controller.rb:8:in `index'
Completed 200 OK in 10ms (Views: 6.8ms | ActiveRecord: 2.4ms | Allocations: 2532)


Started GET "/fashions" for ::1 at 2019-12-16 18:05:03 -0500
Processing by FashionsController#index as HTML
  [1m[36mFashion Load (1.4ms)[0m  [1m[34mSELECT "fashions".* FROM "fashions"[0m
  ↳ app/controllers/fashions_controller.rb:8:in `index'
Completed 200 OK in 7ms (Views: 5.7ms | ActiveRecord: 1.4ms | Allocations: 2532)


Started GET "/fashions" for ::1 at 2019-12-16 18:05:03 -0500
Processing by FashionsController#index as HTML
  [1m[36mFashion Load (53.9ms)[0m  [1m[34mSELECT "fashions".* FROM "fashions"[0m
  ↳ app/controllers/fashions_controller.rb:8:in `index'
Completed 200 OK in 60ms (Views: 6.0ms | ActiveRecord: 53.9ms | Allocations: 2532)


Started GET "/fashions" for ::1 at 2019-12-16 18:05:51 -0500
Processing by FashionsController#index as HTML
  [1m[36mFashion Load (1.7ms)[0m  [1m[34mSELECT "fashions".* FROM "fashions"[0m
  ↳ app/controllers/fashions_controller.rb:8:in `index'
Completed 200 OK in 9ms (Views: 7.4ms | ActiveRecord: 1.7ms | Allocations: 2532)


Started GET "/fashions" for ::1 at 2019-12-16 18:05:52 -0500
Processing by FashionsController#index as HTML
  [1m[36mFashion Load (7.8ms)[0m  [1m[34mSELECT "fashions".* FROM "fashions"[0m
  ↳ app/controllers/fashions_controller.rb:8:in `index'
Completed 200 OK in 14ms (Views: 6.1ms | ActiveRecord: 7.8ms | Allocations: 2532)


Started GET "/fashions" for ::1 at 2019-12-16 18:05:52 -0500
Processing by FashionsController#index as HTML
  [1m[36mFashion Load (0.4ms)[0m  [1m[34mSELECT "fashions".* FROM "fashions"[0m
  ↳ app/controllers/fashions_controller.rb:8:in `index'
Completed 200 OK in 5ms (Views: 4.7ms | ActiveRecord: 0.4ms | Allocations: 2532)


Started GET "/fashions" for ::1 at 2019-12-16 18:06:21 -0500
Processing by FashionsController#index as HTML
  [1m[36mFashion Load (0.8ms)[0m  [1m[34mSELECT "fashions".* FROM "fashions"[0m
  ↳ app/controllers/fashions_controller.rb:8:in `index'
Completed 200 OK in 10ms (Views: 8.3ms | ActiveRecord: 0.8ms | Allocations: 2532)


Started GET "/fashions" for ::1 at 2019-12-16 18:06:21 -0500
Processing by FashionsController#index as HTML
  [1m[36mFashion Load (2.2ms)[0m  [1m[34mSELECT "fashions".* FROM "fashions"[0m
  ↳ app/controllers/fashions_controller.rb:8:in `index'
Completed 200 OK in 8ms (Views: 5.7ms | ActiveRecord: 2.2ms | Allocations: 2532)


Started GET "/fashions" for ::1 at 2019-12-16 18:06:21 -0500
Processing by FashionsController#index as HTML
  [1m[36mFashion Load (15.9ms)[0m  [1m[34mSELECT "fashions".* FROM "fashions"[0m
  ↳ app/controllers/fashions_controller.rb:8:in `index'
Completed 200 OK in 22ms (Views: 5.6ms | ActiveRecord: 15.9ms | Allocations: 2532)


Started GET "/fashions" for ::1 at 2019-12-16 18:06:35 -0500
Processing by FashionsController#index as HTML
  [1m[36mFashion Load (1.8ms)[0m  [1m[34mSELECT "fashions".* FROM "fashions"[0m
  ↳ app/controllers/fashions_controller.rb:8:in `index'
Completed 200 OK in 10ms (Views: 7.9ms | ActiveRecord: 1.8ms | Allocations: 2532)


Started GET "/fashions" for ::1 at 2019-12-16 18:06:35 -0500
Processing by FashionsController#index as HTML
  [1m[36mFashion Load (0.5ms)[0m  [1m[34mSELECT "fashions".* FROM "fashions"[0m
  ↳ app/controllers/fashions_controller.rb:8:in `index'
Completed 200 OK in 6ms (Views: 5.4ms | ActiveRecord: 0.5ms | Allocations: 2532)


Started GET "/fashions" for ::1 at 2019-12-16 18:06:35 -0500
Processing by FashionsController#index as HTML
  [1m[36mFashion Load (5.1ms)[0m  [1m[34mSELECT "fashions".* FROM "fashions"[0m
  ↳ app/controllers/fashions_controller.rb:8:in `index'
Completed 200 OK in 11ms (Views: 5.4ms | ActiveRecord: 5.1ms | Allocations: 2532)


Started GET "/fashions" for ::1 at 2019-12-16 18:08:59 -0500
Processing by FashionsController#index as HTML
  [1m[36mFashion Load (216.2ms)[0m  [1m[34mSELECT "fashions".* FROM "fashions"[0m
  ↳ app/controllers/fashions_controller.rb:8:in `index'
Completed 200 OK in 222ms (Views: 5.1ms | ActiveRecord: 216.2ms | Allocations: 2532)


Started GET "/fashions" for ::1 at 2019-12-16 18:09:00 -0500
Processing by FashionsController#index as HTML
  [1m[36mFashion Load (1.0ms)[0m  [1m[34mSELECT "fashions".* FROM "fashions"[0m
  ↳ app/controllers/fashions_controller.rb:8:in `index'
Completed 200 OK in 8ms (Views: 6.8ms | ActiveRecord: 1.0ms | Allocations: 2532)


Started GET "/fashions" for ::1 at 2019-12-16 18:09:00 -0500
Processing by FashionsController#index as HTML
  [1m[36mFashion Load (2.7ms)[0m  [1m[34mSELECT "fashions".* FROM "fashions"[0m
  ↳ app/controllers/fashions_controller.rb:8:in `index'
Completed 200 OK in 11ms (Views: 7.6ms | ActiveRecord: 2.7ms | Allocations: 2532)


Started GET "/fashions" for ::1 at 2019-12-16 18:21:45 -0500
Processing by FashionsController#index as HTML
  [1m[36mFashion Load (7.4ms)[0m  [1m[34mSELECT "fashions".* FROM "fashions"[0m
  ↳ app/controllers/fashions_controller.rb:8:in `index'
Completed 200 OK in 18ms (Views: 9.8ms | ActiveRecord: 7.4ms | Allocations: 2593)


Started GET "/fashions" for ::1 at 2019-12-16 18:21:46 -0500
Processing by FashionsController#index as HTML
  [1m[36mFashion Load (0.5ms)[0m  [1m[34mSELECT "fashions".* FROM "fashions"[0m
  ↳ app/controllers/fashions_controller.rb:8:in `index'
Completed 200 OK in 177ms (Views: 176.3ms | ActiveRecord: 0.5ms | Allocations: 2535)


Started GET "/fashions" for ::1 at 2019-12-16 18:21:46 -0500
Processing by FashionsController#index as HTML
  [1m[36mFashion Load (0.6ms)[0m  [1m[34mSELECT "fashions".* FROM "fashions"[0m
  ↳ app/controllers/fashions_controller.rb:8:in `index'
Completed 200 OK in 8ms (Views: 6.8ms | ActiveRecord: 0.6ms | Allocations: 2532)


Started GET "/fashions" for ::1 at 2019-12-16 18:21:50 -0500
Processing by FashionsController#index as HTML
  [1m[36mFashion Load (13.4ms)[0m  [1m[34mSELECT "fashions".* FROM "fashions"[0m
  ↳ app/controllers/fashions_controller.rb:8:in `index'
Completed 200 OK in 21ms (Views: 7.2ms | ActiveRecord: 13.4ms | Allocations: 2532)


Started GET "/fashions" for ::1 at 2019-12-16 18:22:07 -0500
Processing by FashionsController#index as HTML
  [1m[36mFashion Load (16.6ms)[0m  [1m[34mSELECT "fashions".* FROM "fashions"[0m
  ↳ app/controllers/fashions_controller.rb:8:in `index'
Completed 200 OK in 21ms (Views: 4.0ms | ActiveRecord: 16.6ms | Allocations: 2532)


Started GET "/fashions" for ::1 at 2019-12-16 18:22:08 -0500
Processing by FashionsController#index as HTML
  [1m[36mFashion Load (18.5ms)[0m  [1m[34mSELECT "fashions".* FROM "fashions"[0m
  ↳ app/controllers/fashions_controller.rb:8:in `index'
Completed 200 OK in 27ms (Views: 7.5ms | ActiveRecord: 18.5ms | Allocations: 2532)


Started GET "/fashions" for ::1 at 2019-12-16 18:22:08 -0500
Processing by FashionsController#index as HTML
  [1m[36mFashion Load (31.2ms)[0m  [1m[34mSELECT "fashions".* FROM "fashions"[0m
  ↳ app/controllers/fashions_controller.rb:8:in `index'
Completed 200 OK in 37ms (Views: 5.1ms | ActiveRecord: 31.2ms | Allocations: 2532)


Started GET "/fashions" for ::1 at 2019-12-16 18:22:19 -0500
Processing by FashionsController#index as HTML
  [1m[36mFashion Load (37.8ms)[0m  [1m[34mSELECT "fashions".* FROM "fashions"[0m
  ↳ app/controllers/fashions_controller.rb:8:in `index'
Completed 200 OK in 44ms (Views: 5.7ms | ActiveRecord: 37.8ms | Allocations: 2532)


Started GET "/fashions" for ::1 at 2019-12-16 18:22:19 -0500
Processing by FashionsController#index as HTML
  [1m[36mFashion Load (216.0ms)[0m  [1m[34mSELECT "fashions".* FROM "fashions"[0m
  ↳ app/controllers/fashions_controller.rb:8:in `index'
Completed 200 OK in 223ms (Views: 6.8ms | ActiveRecord: 216.0ms | Allocations: 2532)


Started GET "/fashions" for ::1 at 2019-12-16 18:22:19 -0500
Processing by FashionsController#index as HTML
  [1m[36mFashion Load (39.9ms)[0m  [1m[34mSELECT "fashions".* FROM "fashions"[0m
  ↳ app/controllers/fashions_controller.rb:8:in `index'
Completed 200 OK in 47ms (Views: 6.7ms | ActiveRecord: 39.9ms | Allocations: 2532)


Started GET "/fashions" for ::1 at 2019-12-16 18:23:13 -0500
Processing by FashionsController#index as HTML
  [1m[36mFashion Load (30.3ms)[0m  [1m[34mSELECT "fashions".* FROM "fashions"[0m
  ↳ app/controllers/fashions_controller.rb:8:in `index'
Completed 200 OK in 36ms (Views: 5.7ms | ActiveRecord: 30.3ms | Allocations: 2532)


Started GET "/fashions" for ::1 at 2019-12-16 18:23:14 -0500
Processing by FashionsController#index as HTML
  [1m[36mFashion Load (23.8ms)[0m  [1m[34mSELECT "fashions".* FROM "fashions"[0m
  ↳ app/controllers/fashions_controller.rb:8:in `index'
Completed 200 OK in 29ms (Views: 5.2ms | ActiveRecord: 23.8ms | Allocations: 2532)


Started GET "/fashions" for ::1 at 2019-12-16 18:23:14 -0500
Processing by FashionsController#index as HTML
  [1m[36mFashion Load (29.0ms)[0m  [1m[34mSELECT "fashions".* FROM "fashions"[0m
  ↳ app/controllers/fashions_controller.rb:8:in `index'
Completed 200 OK in 37ms (Views: 7.8ms | ActiveRecord: 29.0ms | Allocations: 2532)


Started GET "/fashions" for ::1 at 2019-12-16 18:24:25 -0500
Processing by FashionsController#index as HTML
  [1m[36mFashion Load (0.4ms)[0m  [1m[34mSELECT "fashions".* FROM "fashions"[0m
  ↳ app/controllers/fashions_controller.rb:8:in `index'
Completed 200 OK in 5ms (Views: 4.2ms | ActiveRecord: 0.4ms | Allocations: 2532)


Started GET "/fashions" for ::1 at 2019-12-16 18:24:26 -0500
Processing by FashionsController#index as HTML
  [1m[36mFashion Load (0.5ms)[0m  [1m[34mSELECT "fashions".* FROM "fashions"[0m
  ↳ app/controllers/fashions_controller.rb:8:in `index'
Completed 200 OK in 8ms (Views: 7.2ms | ActiveRecord: 0.5ms | Allocations: 2532)


Started GET "/fashions" for ::1 at 2019-12-16 18:24:26 -0500
Processing by FashionsController#index as HTML
  [1m[36mFashion Load (0.4ms)[0m  [1m[34mSELECT "fashions".* FROM "fashions"[0m
  ↳ app/controllers/fashions_controller.rb:8:in `index'
Completed 200 OK in 6ms (Views: 5.6ms | ActiveRecord: 0.4ms | Allocations: 2532)


Started GET "/fashions" for ::1 at 2019-12-16 18:32:15 -0500
Processing by FashionsController#index as HTML
  [1m[36mFashion Load (0.9ms)[0m  [1m[34mSELECT "fashions".* FROM "fashions"[0m
  ↳ app/controllers/fashions_controller.rb:8:in `index'
Completed 200 OK in 7ms (Views: 5.7ms | ActiveRecord: 0.9ms | Allocations: 2593)


Started GET "/fashions" for ::1 at 2019-12-16 18:32:17 -0500
Processing by FashionsController#index as HTML
  [1m[36mFashion Load (0.4ms)[0m  [1m[34mSELECT "fashions".* FROM "fashions"[0m
  ↳ app/controllers/fashions_controller.rb:8:in `index'
Completed 200 OK in 7ms (Views: 6.0ms | ActiveRecord: 0.4ms | Allocations: 2532)


Started GET "/fashions" for ::1 at 2019-12-16 18:32:17 -0500
Processing by FashionsController#index as HTML
  [1m[36mFashion Load (0.4ms)[0m  [1m[34mSELECT "fashions".* FROM "fashions"[0m
  ↳ app/controllers/fashions_controller.rb:8:in `index'
Completed 200 OK in 7ms (Views: 6.6ms | ActiveRecord: 0.4ms | Allocations: 2532)


Started GET "/fashions" for ::1 at 2019-12-16 18:32:50 -0500
Processing by FashionsController#index as HTML
  [1m[36mFashion Load (5.4ms)[0m  [1m[34mSELECT "fashions".* FROM "fashions"[0m
  ↳ app/controllers/fashions_controller.rb:8:in `index'
Completed 200 OK in 23ms (Views: 17.6ms | ActiveRecord: 5.4ms | Allocations: 2535)


Started GET "/fashions" for ::1 at 2019-12-16 18:32:51 -0500
Processing by FashionsController#index as HTML
  [1m[36mFashion Load (2.3ms)[0m  [1m[34mSELECT "fashions".* FROM "fashions"[0m
  ↳ app/controllers/fashions_controller.rb:8:in `index'
Completed 200 OK in 8ms (Views: 5.6ms | ActiveRecord: 2.3ms | Allocations: 2532)


Started GET "/fashions" for ::1 at 2019-12-16 18:32:51 -0500
Processing by FashionsController#index as HTML
  [1m[36mFashion Load (0.4ms)[0m  [1m[34mSELECT "fashions".* FROM "fashions"[0m
  ↳ app/controllers/fashions_controller.rb:8:in `index'
Completed 200 OK in 5ms (Views: 4.1ms | ActiveRecord: 0.4ms | Allocations: 2532)


Started GET "/fashions" for ::1 at 2019-12-16 18:32:58 -0500
Processing by FashionsController#index as HTML
  [1m[36mFashion Load (94.7ms)[0m  [1m[34mSELECT "fashions".* FROM "fashions"[0m
  ↳ app/controllers/fashions_controller.rb:8:in `index'
Completed 200 OK in 113ms (Views: 15.6ms | ActiveRecord: 94.7ms | Allocations: 2532)


Started GET "/fashions" for ::1 at 2019-12-16 18:32:58 -0500
Processing by FashionsController#index as HTML
  [1m[36mFashion Load (21.4ms)[0m  [1m[34mSELECT "fashions".* FROM "fashions"[0m
  ↳ app/controllers/fashions_controller.rb:8:in `index'
Completed 200 OK in 28ms (Views: 6.4ms | ActiveRecord: 21.4ms | Allocations: 2532)


Started GET "/fashions" for ::1 at 2019-12-16 18:32:59 -0500
Processing by FashionsController#index as HTML
  [1m[36mFashion Load (1.0ms)[0m  [1m[34mSELECT "fashions".* FROM "fashions"[0m
  ↳ app/controllers/fashions_controller.rb:8:in `index'
Completed 200 OK in 10ms (Views: 8.7ms | ActiveRecord: 1.0ms | Allocations: 2532)


Started GET "/fashions" for ::1 at 2019-12-16 18:33:47 -0500
Processing by FashionsController#index as HTML
  [1m[36mFashion Load (11.6ms)[0m  [1m[34mSELECT "fashions".* FROM "fashions"[0m
  ↳ app/controllers/fashions_controller.rb:8:in `index'
Completed 200 OK in 18ms (Views: 6.4ms | ActiveRecord: 11.6ms | Allocations: 2532)


Started GET "/fashions" for ::1 at 2019-12-16 18:33:48 -0500
Processing by FashionsController#index as HTML
  [1m[36mFashion Load (5.6ms)[0m  [1m[34mSELECT "fashions".* FROM "fashions"[0m
  ↳ app/controllers/fashions_controller.rb:8:in `index'
Completed 200 OK in 12ms (Views: 6.3ms | ActiveRecord: 5.6ms | Allocations: 2532)


Started GET "/fashions" for ::1 at 2019-12-16 18:33:48 -0500
Processing by FashionsController#index as HTML
  [1m[36mFashion Load (26.6ms)[0m  [1m[34mSELECT "fashions".* FROM "fashions"[0m
  ↳ app/controllers/fashions_controller.rb:8:in `index'
Completed 200 OK in 34ms (Views: 6.7ms | ActiveRecord: 26.6ms | Allocations: 2532)


Started GET "/fashions" for ::1 at 2019-12-16 18:33:57 -0500
Processing by FashionsController#index as HTML
  [1m[36mFashion Load (200.9ms)[0m  [1m[34mSELECT "fashions".* FROM "fashions"[0m
  ↳ app/controllers/fashions_controller.rb:8:in `index'
Completed 200 OK in 207ms (Views: 5.9ms | ActiveRecord: 200.9ms | Allocations: 2533)


Started GET "/fashions" for ::1 at 2019-12-16 18:33:57 -0500
Processing by FashionsController#index as HTML
  [1m[36mFashion Load (0.7ms)[0m  [1m[34mSELECT "fashions".* FROM "fashions"[0m
  ↳ app/controllers/fashions_controller.rb:8:in `index'
Completed 200 OK in 5ms (Views: 3.9ms | ActiveRecord: 0.7ms | Allocations: 2532)


Started GET "/fashions" for ::1 at 2019-12-16 18:33:57 -0500
Processing by FashionsController#index as HTML
  [1m[36mFashion Load (0.3ms)[0m  [1m[34mSELECT "fashions".* FROM "fashions"[0m
  ↳ app/controllers/fashions_controller.rb:8:in `index'
Completed 200 OK in 5ms (Views: 4.4ms | ActiveRecord: 0.3ms | Allocations: 2532)


Started GET "/fashions" for ::1 at 2019-12-16 18:34:21 -0500
Processing by FashionsController#index as HTML
  [1m[36mFashion Load (0.4ms)[0m  [1m[34mSELECT "fashions".* FROM "fashions"[0m
  ↳ app/controllers/fashions_controller.rb:8:in `index'
Completed 200 OK in 7ms (Views: 5.9ms | ActiveRecord: 0.4ms | Allocations: 2532)


Started GET "/fashions" for ::1 at 2019-12-16 18:34:22 -0500
Processing by FashionsController#index as HTML
  [1m[36mFashion Load (342.0ms)[0m  [1m[34mSELECT "fashions".* FROM "fashions"[0m
  ↳ app/controllers/fashions_controller.rb:8:in `index'
Completed 200 OK in 346ms (Views: 3.7ms | ActiveRecord: 342.0ms | Allocations: 2532)


Started GET "/fashions" for ::1 at 2019-12-16 18:34:23 -0500
Processing by FashionsController#index as HTML
  [1m[36mFashion Load (7.7ms)[0m  [1m[34mSELECT "fashions".* FROM "fashions"[0m
  ↳ app/controllers/fashions_controller.rb:8:in `index'
Completed 200 OK in 15ms (Views: 7.4ms | ActiveRecord: 7.7ms | Allocations: 2532)


Started GET "/fashions" for ::1 at 2019-12-16 18:35:47 -0500
Processing by FashionsController#index as HTML
  [1m[36mFashion Load (142.2ms)[0m  [1m[34mSELECT "fashions".* FROM "fashions"[0m
  ↳ app/controllers/fashions_controller.rb:8:in `index'
Completed 200 OK in 146ms (Views: 3.6ms | ActiveRecord: 142.2ms | Allocations: 2535)


Started GET "/fashions" for ::1 at 2019-12-16 18:35:48 -0500
Processing by FashionsController#index as HTML
  [1m[36mFashion Load (7.3ms)[0m  [1m[34mSELECT "fashions".* FROM "fashions"[0m
  ↳ app/controllers/fashions_controller.rb:8:in `index'
Completed 200 OK in 13ms (Views: 5.4ms | ActiveRecord: 7.3ms | Allocations: 2532)


Started GET "/fashions" for ::1 at 2019-12-16 18:35:48 -0500
Processing by FashionsController#index as HTML
  [1m[36mFashion Load (1.2ms)[0m  [1m[34mSELECT "fashions".* FROM "fashions"[0m
  ↳ app/controllers/fashions_controller.rb:8:in `index'
Completed 200 OK in 7ms (Views: 5.2ms | ActiveRecord: 1.2ms | Allocations: 2532)


Started GET "/fashions" for ::1 at 2019-12-16 18:36:11 -0500
Processing by FashionsController#index as HTML
  [1m[36mFashion Load (0.4ms)[0m  [1m[34mSELECT "fashions".* FROM "fashions"[0m
  ↳ app/controllers/fashions_controller.rb:8:in `index'
Completed 200 OK in 10ms (Views: 9.0ms | ActiveRecord: 0.4ms | Allocations: 2532)


Started GET "/fashions" for ::1 at 2019-12-16 18:36:11 -0500
Processing by FashionsController#index as HTML
  [1m[36mFashion Load (3.6ms)[0m  [1m[34mSELECT "fashions".* FROM "fashions"[0m
  ↳ app/controllers/fashions_controller.rb:8:in `index'
Completed 200 OK in 11ms (Views: 6.7ms | ActiveRecord: 3.6ms | Allocations: 2533)


Started GET "/fashions" for ::1 at 2019-12-16 18:36:12 -0500
Processing by FashionsController#index as HTML
  [1m[36mFashion Load (577.9ms)[0m  [1m[34mSELECT "fashions".* FROM "fashions"[0m
  ↳ app/controllers/fashions_controller.rb:8:in `index'
Completed 200 OK in 583ms (Views: 5.1ms | ActiveRecord: 577.9ms | Allocations: 2536)


Started GET "/fashions" for ::1 at 2019-12-16 18:37:53 -0500
Processing by FashionsController#index as HTML
  [1m[36mFashion Load (0.6ms)[0m  [1m[34mSELECT "fashions".* FROM "fashions"[0m
  ↳ app/controllers/fashions_controller.rb:8:in `index'
Completed 200 OK in 7ms (Views: 6.4ms | ActiveRecord: 0.6ms | Allocations: 2532)


Started GET "/fashions" for ::1 at 2019-12-16 18:37:54 -0500
Processing by FashionsController#index as HTML
  [1m[36mFashion Load (259.1ms)[0m  [1m[34mSELECT "fashions".* FROM "fashions"[0m
  ↳ app/controllers/fashions_controller.rb:8:in `index'
Completed 200 OK in 265ms (Views: 6.0ms | ActiveRecord: 259.1ms | Allocations: 2532)


Started GET "/fashions" for ::1 at 2019-12-16 18:37:55 -0500
Processing by FashionsController#index as HTML
  [1m[36mFashion Load (1.3ms)[0m  [1m[34mSELECT "fashions".* FROM "fashions"[0m
  ↳ app/controllers/fashions_controller.rb:8:in `index'
Completed 200 OK in 6ms (Views: 3.9ms | ActiveRecord: 1.3ms | Allocations: 2532)


Started GET "/fashions" for ::1 at 2019-12-16 18:37:58 -0500
Processing by FashionsController#index as HTML
  [1m[36mFashion Load (0.8ms)[0m  [1m[34mSELECT "fashions".* FROM "fashions"[0m
  ↳ app/controllers/fashions_controller.rb:8:in `index'
Completed 200 OK in 7ms (Views: 5.4ms | ActiveRecord: 0.8ms | Allocations: 2532)


Started GET "/fashions" for ::1 at 2019-12-16 18:44:23 -0500
Processing by FashionsController#index as HTML
  [1m[36mFashion Load (2.6ms)[0m  [1m[34mSELECT "fashions".* FROM "fashions"[0m
  ↳ app/controllers/fashions_controller.rb:8:in `index'
Completed 200 OK in 23ms (Views: 16.7ms | ActiveRecord: 2.6ms | Allocations: 2593)


Started GET "/fashions" for ::1 at 2019-12-16 18:44:25 -0500
Processing by FashionsController#index as HTML
  [1m[36mFashion Load (0.5ms)[0m  [1m[34mSELECT "fashions".* FROM "fashions"[0m
  ↳ app/controllers/fashions_controller.rb:8:in `index'
Completed 200 OK in 7ms (Views: 6.0ms | ActiveRecord: 0.5ms | Allocations: 2532)


Started GET "/fashions" for ::1 at 2019-12-16 18:44:25 -0500
Processing by FashionsController#index as HTML
  [1m[36mFashion Load (0.7ms)[0m  [1m[34mSELECT "fashions".* FROM "fashions"[0m
  ↳ app/controllers/fashions_controller.rb:8:in `index'
Completed 200 OK in 7ms (Views: 6.1ms | ActiveRecord: 0.7ms | Allocations: 2532)


Started GET "/fashions" for ::1 at 2019-12-16 18:45:20 -0500
Processing by FashionsController#index as HTML
  [1m[36mFashion Load (86.2ms)[0m  [1m[34mSELECT "fashions".* FROM "fashions"[0m
  ↳ app/controllers/fashions_controller.rb:8:in `index'
Completed 200 OK in 95ms (Views: 8.0ms | ActiveRecord: 86.2ms | Allocations: 2532)


Started GET "/fashions" for ::1 at 2019-12-16 18:45:21 -0500
Processing by FashionsController#index as HTML
  [1m[36mFashion Load (0.5ms)[0m  [1m[34mSELECT "fashions".* FROM "fashions"[0m
  ↳ app/controllers/fashions_controller.rb:8:in `index'
Completed 200 OK in 9ms (Views: 8.5ms | ActiveRecord: 0.5ms | Allocations: 2532)


Started GET "/fashions" for ::1 at 2019-12-16 18:45:21 -0500
Processing by FashionsController#index as HTML
  [1m[36mFashion Load (11.7ms)[0m  [1m[34mSELECT "fashions".* FROM "fashions"[0m
  ↳ app/controllers/fashions_controller.rb:8:in `index'
Completed 200 OK in 20ms (Views: 7.5ms | ActiveRecord: 11.7ms | Allocations: 2532)


Started GET "/fashions" for ::1 at 2019-12-16 18:45:28 -0500
Processing by FashionsController#index as HTML
  [1m[36mFashion Load (0.5ms)[0m  [1m[34mSELECT "fashions".* FROM "fashions"[0m
  ↳ app/controllers/fashions_controller.rb:8:in `index'
Completed 200 OK in 8ms (Views: 6.8ms | ActiveRecord: 0.5ms | Allocations: 2532)


Started GET "/fashions" for ::1 at 2019-12-16 18:45:35 -0500
Processing by FashionsController#index as HTML
  [1m[36mFashion Load (175.3ms)[0m  [1m[34mSELECT "fashions".* FROM "fashions"[0m
  ↳ app/controllers/fashions_controller.rb:8:in `index'
Completed 200 OK in 183ms (Views: 7.4ms | ActiveRecord: 175.3ms | Allocations: 2533)


Started GET "/fashions" for ::1 at 2019-12-16 18:45:40 -0500
Processing by FashionsController#index as HTML
  [1m[36mFashion Load (51.5ms)[0m  [1m[34mSELECT "fashions".* FROM "fashions"[0m
  ↳ app/controllers/fashions_controller.rb:8:in `index'
Completed 200 OK in 56ms (Views: 4.4ms | ActiveRecord: 51.5ms | Allocations: 2532)


Started GET "/fashions" for ::1 at 2019-12-16 18:47:43 -0500
  [1m[35m (3.9ms)[0m  [1m[34mSELECT "schema_migrations"."version" FROM "schema_migrations" ORDER BY "schema_migrations"."version" ASC[0m
Processing by FashionsController#index as HTML
  [1m[36mFashion Load (3.6ms)[0m  [1m[34mSELECT "fashions".* FROM "fashions"[0m
  ↳ app/controllers/fashions_controller.rb:8:in `index'
Completed 200 OK in 44ms (Views: 16.7ms | ActiveRecord: 22.7ms | Allocations: 6974)


Started GET "/fashions" for ::1 at 2019-12-16 18:50:01 -0500
Processing by FashionsController#index as HTML
  [1m[36mFashion Load (7.1ms)[0m  [1m[34mSELECT "fashions".* FROM "fashions"[0m
  ↳ app/controllers/fashions_controller.rb:8:in `index'
Completed 200 OK in 14ms (Views: 6.3ms | ActiveRecord: 7.1ms | Allocations: 2552)


Started GET "/fashions" for ::1 at 2019-12-16 18:50:12 -0500
Processing by FashionsController#index as HTML
  [1m[36mFashion Load (0.6ms)[0m  [1m[34mSELECT "fashions".* FROM "fashions"[0m
  ↳ app/controllers/fashions_controller.rb:8:in `index'
Completed 200 OK in 6ms (Views: 5.1ms | ActiveRecord: 0.6ms | Allocations: 2551)


Started GET "/fashions" for ::1 at 2019-12-16 18:52:18 -0500
Processing by FashionsController#index as HTML
  [1m[36mFashion Load (4.9ms)[0m  [1m[34mSELECT "fashions".* FROM "fashions"[0m
  ↳ app/controllers/fashions_controller.rb:8:in `index'
Completed 200 OK in 9ms (Views: 4.0ms | ActiveRecord: 4.9ms | Allocations: 2551)


Started GET "/fashions" for ::1 at 2019-12-16 18:52:47 -0500
Processing by FashionsController#index as HTML
  [1m[36mFashion Load (2.1ms)[0m  [1m[34mSELECT "fashions".* FROM "fashions"[0m
  ↳ app/controllers/fashions_controller.rb:8:in `index'
Completed 200 OK in 9ms (Views: 6.0ms | ActiveRecord: 2.1ms | Allocations: 2532)


Started GET "/fashions" for ::1 at 2019-12-16 18:55:01 -0500
Processing by FashionsController#index as HTML
  [1m[36mFashion Load (1.3ms)[0m  [1m[34mSELECT "fashions".* FROM "fashions"[0m
  ↳ app/controllers/fashions_controller.rb:8:in `index'
Completed 200 OK in 8ms (Views: 6.6ms | ActiveRecord: 1.3ms | Allocations: 2532)


Started GET "/fashions" for ::1 at 2019-12-16 18:55:29 -0500
Processing by FashionsController#index as HTML
  [1m[36mFashion Load (0.5ms)[0m  [1m[34mSELECT "fashions".* FROM "fashions"[0m
  ↳ app/controllers/fashions_controller.rb:8:in `index'
Completed 200 OK in 7ms (Views: 5.9ms | ActiveRecord: 0.5ms | Allocations: 2532)


Started GET "/fashions" for ::1 at 2019-12-16 18:55:31 -0500
Processing by FashionsController#index as HTML
  [1m[36mFashion Load (1.2ms)[0m  [1m[34mSELECT "fashions".* FROM "fashions"[0m
  ↳ app/controllers/fashions_controller.rb:8:in `index'
Completed 200 OK in 7ms (Views: 5.5ms | ActiveRecord: 1.2ms | Allocations: 2532)


Started GET "/fashions" for ::1 at 2019-12-16 18:56:18 -0500
Processing by FashionsController#index as HTML
  [1m[36mFashion Load (1.0ms)[0m  [1m[34mSELECT "fashions".* FROM "fashions"[0m
  ↳ app/controllers/fashions_controller.rb:8:in `index'
Completed 200 OK in 6ms (Views: 4.9ms | ActiveRecord: 1.0ms | Allocations: 2532)


Started GET "/fashions" for ::1 at 2019-12-16 19:03:52 -0500
Processing by FashionsController#index as HTML
  [1m[36mFashion Load (2.8ms)[0m  [1m[34mSELECT "fashions".* FROM "fashions"[0m
  ↳ app/controllers/fashions_controller.rb:8:in `index'
Completed 200 OK in 25ms (Views: 18.4ms | ActiveRecord: 2.8ms | Allocations: 6366)


Started GET "/fashions" for ::1 at 2019-12-16 19:03:56 -0500
Processing by FashionsController#index as HTML
  [1m[36mFashion Load (0.4ms)[0m  [1m[34mSELECT "fashions".* FROM "fashions"[0m
  ↳ app/controllers/fashions_controller.rb:8:in `index'
Completed 200 OK in 5ms (Views: 4.3ms | ActiveRecord: 0.4ms | Allocations: 2532)


Started GET "/fashions/3" for ::1 at 2019-12-16 19:17:16 -0500
Processing by FashionsController#show as HTML
  Parameters: {"id"=>"3"}
  [1m[36mFashion Load (0.7ms)[0m  [1m[34mSELECT "fashions".* FROM "fashions" WHERE "fashions"."id" = $1 LIMIT $2[0m  [["id", 3], ["LIMIT", 1]]
  ↳ app/controllers/fashions_controller.rb:44:in `set_fashion'
Completed 200 OK in 46ms (Views: 2.7ms | ActiveRecord: 1.1ms | Allocations: 2740)


Started GET "/fashions/6" for ::1 at 2019-12-16 19:17:26 -0500
Processing by FashionsController#show as HTML
  Parameters: {"id"=>"6"}
  [1m[36mFashion Load (1.0ms)[0m  [1m[34mSELECT "fashions".* FROM "fashions" WHERE "fashions"."id" = $1 LIMIT $2[0m  [["id", 6], ["LIMIT", 1]]
  ↳ app/controllers/fashions_controller.rb:44:in `set_fashion'
Completed 200 OK in 5ms (Views: 0.7ms | ActiveRecord: 1.0ms | Allocations: 723)


Started GET "/fashions" for ::1 at 2019-12-16 19:41:25 -0500
Processing by FashionsController#index as HTML
  [1m[36mFashion Load (2.3ms)[0m  [1m[34mSELECT "fashions".* FROM "fashions"[0m
  ↳ app/controllers/fashions_controller.rb:8:in `index'
Completed 200 OK in 305ms (Views: 297.6ms | ActiveRecord: 2.3ms | Allocations: 2599)


Started GET "/fashions" for ::1 at 2019-12-16 19:41:34 -0500
Processing by FashionsController#index as HTML
  [1m[36mFashion Load (1.0ms)[0m  [1m[34mSELECT "fashions".* FROM "fashions"[0m
  ↳ app/controllers/fashions_controller.rb:8:in `index'
Completed 200 OK in 7ms (Views: 5.5ms | ActiveRecord: 1.0ms | Allocations: 2532)


Started GET "/fashions" for ::1 at 2019-12-16 19:45:27 -0500
Processing by FashionsController#index as HTML
  [1m[36mFashion Load (27.3ms)[0m  [1m[34mSELECT "fashions".* FROM "fashions"[0m
  ↳ app/controllers/fashions_controller.rb:8:in `index'
Completed 200 OK in 34ms (Views: 6.0ms | ActiveRecord: 27.3ms | Allocations: 2532)


Started GET "/fashions" for ::1 at 2019-12-16 19:45:46 -0500
Processing by FashionsController#index as HTML
  [1m[36mFashion Load (1.8ms)[0m  [1m[34mSELECT "fashions".* FROM "fashions"[0m
  ↳ app/controllers/fashions_controller.rb:8:in `index'
Completed 200 OK in 9ms (Views: 6.8ms | ActiveRecord: 1.8ms | Allocations: 2532)


Started GET "/fashions" for ::1 at 2019-12-16 19:53:09 -0500
Processing by FashionsController#index as HTML
  [1m[36mFashion Load (1.3ms)[0m  [1m[34mSELECT "fashions".* FROM "fashions"[0m
  ↳ app/controllers/fashions_controller.rb:8:in `index'
Completed 200 OK in 33ms (Views: 26.8ms | ActiveRecord: 1.3ms | Allocations: 2593)


Started GET "/fashions" for ::1 at 2019-12-16 19:53:22 -0500
Processing by FashionsController#index as HTML
  [1m[36mFashion Load (0.7ms)[0m  [1m[34mSELECT "fashions".* FROM "fashions"[0m
  ↳ app/controllers/fashions_controller.rb:8:in `index'
Completed 200 OK in 8ms (Views: 6.9ms | ActiveRecord: 0.7ms | Allocations: 2532)


Started GET "/fashions" for ::1 at 2019-12-16 19:53:36 -0500
Processing by FashionsController#index as HTML
  [1m[36mFashion Load (194.5ms)[0m  [1m[34mSELECT "fashions".* FROM "fashions"[0m
  ↳ app/controllers/fashions_controller.rb:8:in `index'
Completed 200 OK in 202ms (Views: 6.8ms | ActiveRecord: 194.5ms | Allocations: 2532)


Started GET "/fashions" for ::1 at 2019-12-16 19:53:42 -0500
Processing by FashionsController#index as HTML
  [1m[36mFashion Load (0.9ms)[0m  [1m[34mSELECT "fashions".* FROM "fashions"[0m
  ↳ app/controllers/fashions_controller.rb:8:in `index'
Completed 200 OK in 10ms (Views: 8.2ms | ActiveRecord: 0.9ms | Allocations: 2532)


Started GET "/fashions" for ::1 at 2019-12-16 19:54:02 -0500
Processing by FashionsController#index as HTML
  [1m[36mFashion Load (1.9ms)[0m  [1m[34mSELECT "fashions".* FROM "fashions"[0m
  ↳ app/controllers/fashions_controller.rb:8:in `index'
Completed 200 OK in 10ms (Views: 7.9ms | ActiveRecord: 1.9ms | Allocations: 2532)


Started GET "/fashions" for ::1 at 2019-12-16 19:54:18 -0500
Processing by FashionsController#index as HTML
  [1m[36mFashion Load (2.8ms)[0m  [1m[34mSELECT "fashions".* FROM "fashions"[0m
  ↳ app/controllers/fashions_controller.rb:8:in `index'
Completed 200 OK in 11ms (Views: 7.4ms | ActiveRecord: 2.8ms | Allocations: 2532)


Started GET "/fashions" for ::1 at 2019-12-16 19:57:34 -0500
Processing by FashionsController#index as HTML
  [1m[36mFashion Load (4.7ms)[0m  [1m[34mSELECT "fashions".* FROM "fashions"[0m
  ↳ app/controllers/fashions_controller.rb:8:in `index'
Completed 200 OK in 12ms (Views: 7.1ms | ActiveRecord: 4.7ms | Allocations: 2532)


Started GET "/http://localhost:3000/fashions" for ::1 at 2019-12-16 19:57:47 -0500
  
ActionController::RoutingError (No route matches [GET] "/http:/localhost:3000/fashions"):
  
actionpack (6.0.1) lib/action_dispatch/middleware/debug_exceptions.rb:36:in `call'
actionpack (6.0.1) lib/action_dispatch/middleware/show_exceptions.rb:33:in `call'
railties (6.0.1) lib/rails/rack/logger.rb:38:in `call_app'
railties (6.0.1) lib/rails/rack/logger.rb:26:in `block in call'
activesupport (6.0.1) lib/active_support/tagged_logging.rb:80:in `block in tagged'
activesupport (6.0.1) lib/active_support/tagged_logging.rb:28:in `tagged'
activesupport (6.0.1) lib/active_support/tagged_logging.rb:80:in `tagged'
railties (6.0.1) lib/rails/rack/logger.rb:26:in `call'
actionpack (6.0.1) lib/action_dispatch/middleware/remote_ip.rb:81:in `call'
actionpack (6.0.1) lib/action_dispatch/middleware/request_id.rb:27:in `call'
rack (2.0.7) lib/rack/runtime.rb:22:in `call'
activesupport (6.0.1) lib/active_support/cache/strategy/local_cache_middleware.rb:29:in `call'
actionpack (6.0.1) lib/action_dispatch/middleware/executor.rb:14:in `call'
actionpack (6.0.1) lib/action_dispatch/middleware/static.rb:126:in `call'
rack (2.0.7) lib/rack/sendfile.rb:111:in `call'
actionpack (6.0.1) lib/action_dispatch/middleware/host_authorization.rb:83:in `call'
rack-cors (1.1.0) lib/rack/cors.rb:100:in `call'
railties (6.0.1) lib/rails/engine.rb:526:in `call'
puma (4.3.1) lib/puma/configuration.rb:228:in `call'
puma (4.3.1) lib/puma/server.rb:681:in `handle_request'
puma (4.3.1) lib/puma/server.rb:472:in `process_client'
puma (4.3.1) lib/puma/server.rb:328:in `block in run'
puma (4.3.1) lib/puma/thread_pool.rb:134:in `block in spawn_thread'
Started GET "/favicon.ico" for ::1 at 2019-12-16 19:57:47 -0500
  
ActionController::RoutingError (No route matches [GET] "/favicon.ico"):
  
actionpack (6.0.1) lib/action_dispatch/middleware/debug_exceptions.rb:36:in `call'
actionpack (6.0.1) lib/action_dispatch/middleware/show_exceptions.rb:33:in `call'
railties (6.0.1) lib/rails/rack/logger.rb:38:in `call_app'
railties (6.0.1) lib/rails/rack/logger.rb:26:in `block in call'
activesupport (6.0.1) lib/active_support/tagged_logging.rb:80:in `block in tagged'
activesupport (6.0.1) lib/active_support/tagged_logging.rb:28:in `tagged'
activesupport (6.0.1) lib/active_support/tagged_logging.rb:80:in `tagged'
railties (6.0.1) lib/rails/rack/logger.rb:26:in `call'
actionpack (6.0.1) lib/action_dispatch/middleware/remote_ip.rb:81:in `call'
actionpack (6.0.1) lib/action_dispatch/middleware/request_id.rb:27:in `call'
rack (2.0.7) lib/rack/runtime.rb:22:in `call'
activesupport (6.0.1) lib/active_support/cache/strategy/local_cache_middleware.rb:29:in `call'
actionpack (6.0.1) lib/action_dispatch/middleware/executor.rb:14:in `call'
actionpack (6.0.1) lib/action_dispatch/middleware/static.rb:126:in `call'
rack (2.0.7) lib/rack/sendfile.rb:111:in `call'
actionpack (6.0.1) lib/action_dispatch/middleware/host_authorization.rb:83:in `call'
rack-cors (1.1.0) lib/rack/cors.rb:100:in `call'
railties (6.0.1) lib/rails/engine.rb:526:in `call'
puma (4.3.1) lib/puma/configuration.rb:228:in `call'
puma (4.3.1) lib/puma/server.rb:681:in `handle_request'
puma (4.3.1) lib/puma/server.rb:472:in `process_client'
puma (4.3.1) lib/puma/server.rb:328:in `block in run'
puma (4.3.1) lib/puma/thread_pool.rb:134:in `block in spawn_thread'
